[vokoscreenNG] Version: 3.0.7
[vokoscreenNG] Locale: en_US
[vokoscreenNG] Log from: 2020-12-05 18:05:32
[vokoscreenNG] Country: United States
[vokoscreenNG] Qt: 5.15.1
[vokoscreenNG] GStreamer 1.18.1
[vokoscreenNG] Operating system: Arch Linux
[vokoscreenNG] CPU Architecture: x86_64
[vokoscreenNG] vokoscreenNG running as: xcb client
[vokoscreenNG] vokoscreenNG running on: tty
[vokoscreenNG] Desktop: 
[vokoscreenNG] Icon-Theme: Qogir-dark
[vokoscreenNG] Styles: (Breeze, kvantum-dark, kvantum, qt5ct-style, Windows, Fusion)
[vokoscreenNG] Qt-PluginsPath:      /usr/lib/qt/plugins
[vokoscreenNG] Qt-TranslationsPath: /usr/share/qt/translations
[vokoscreenNG] Qt-LibraryPath:      /usr/lib
[vokoscreenNG] Settings: /home/mepowerleo10/.config/vokoscreenNG/vokoscreenNG.ini
[vokoscreenNG] Log: /home/mepowerleo10/.config/vokoscreenNG/log/2020_12_05_18_05_32.log
[vokoscreenNG] Default Videopath: /home/mepowerleo10/Videos
[vokoscreenNG] User Videopath: /home/mepowerleo10/Videos
[vokoscreenNG] CompositingManager running: true

[vokoscreenNG] [Audio] Found: Monitor of Built-in Audio Analog Stereo Device: alsa_output.pci-0000_00_1b.0.analog-stereo.monitor
[vokoscreenNG] [Audio] Found: Built-in Audio Analog Stereo Device: alsa_input.pci-0000_00_1b.0.analog-stereo
[vokoscreenNG] [Audio] Found: Monitor of LADSPA Plugin Calf Compressor LADSPA on Built-in Audio Analog Stereo Device: calf_comp_x2.monitor

[vokoscreenNG] Symbols: + available, - not available
[vokoscreenNG] + matroskamux
[vokoscreenNG] + webmmux
[vokoscreenNG] + avimux
[vokoscreenNG] + mp4mux
[vokoscreenNG] + qtmux
[vokoscreenNG] + x264enc
[vokoscreenNG] - openh264enc
[vokoscreenNG] - vaapih264enc
[vokoscreenNG] - vaapimpeg2enc
[vokoscreenNG] + vp8enc
[vokoscreenNG] + vorbisenc
[vokoscreenNG] + flacenc
[vokoscreenNG] + opusenc
[vokoscreenNG] + lamemp3enc
[vokoscreenNG] - voaacenc

[vokoscreenNG] + ximagesrc
[vokoscreenNG] + pulsesrc
[vokoscreenNG] + pipewiresrc
[vokoscreenNG] + queue
[vokoscreenNG] + capsfilter
[vokoscreenNG] + videoconvert
[vokoscreenNG] + videorate
[vokoscreenNG] + audioconvert
[vokoscreenNG] + audiorate
[vokoscreenNG] + filesink
[vokoscreenNG] + videoscale
[vokoscreenNG] + h264parse
[vokoscreenNG] + audiomixer
[vokoscreenNG] + adder

[vokoscreenNG] Name from screen:  eDP1
[vokoscreenNG] Screen available desktop width : 1366
[vokoscreenNG] Screen available desktop height: 768
[vokoscreenNG] DevicePixelRatio: 1  (Normal displays is 1, Retina display is 2)
[vokoscreenNG] Vertical refresh rate of the screen in Hz: 59.9731
[vokoscreenNG] Screen orientation Qt::LandscapeOrientation
[vokoscreenNG] Color depth of the screen:  24
[vokoscreenNG] Model from screen:  
[vokoscreenNG] Manufactur from screen:  BOE
[vokoscreenNG] SerialNumber from screen:  
[vokoscreenNG] ItemText in Combobox: eDP1 :  1366 x 768
[vokoscreenNG] ItemData in Combobox: x=0 y=0 with=1366 height=768

[vokoscreenNG] [Camera] Found: Integrated Camera: Integrated C /dev/video0
[vokoscreenNG] QvkCameraResolution QCamera::LoadingStatus
[vokoscreenNG] QvkCameraResolution QCamera::LoadedState
[vokoscreenNG] Desktop session is a X11 session
[vokoscreenNG] QvkCameraResolution QCamera::LoadedStatus
[vokoscreenNG] Camera resolutions for: Integrated Camera: Integrated C /dev/video0
(QSize(320, 180), QSize(320, 240), QSize(352, 288), QSize(424, 240), QSize(640, 360), QSize(640, 480), QSize(848, 480), QSize(960, 540), QSize(1280, 720))
[vokoscreenNG] QvkCameraResolution QCamera::UnloadingStatus
[vokoscreenNG] QvkCameraResolution QCamera::UnloadedStatus
[vokoscreenNG] QvkCameraResolution QCamera::UnloadedState
radioButtonScreencastFullscreen=false
radioButtonScreencastArea=true
radioButtonScreencastWindow=false
checkBoxCameraOnOff=false
checkBoxCameraMirrorVertical=false
checkBoxCameraMirrorHorizontal=false
checkBoxCameraInvert=false
checkBoxCameraGray=false
checkBoxCameraMono=false
checkBoxCameraWindowFrame=false
checkBoxShowInSystray=true
checkBoxShowInSystrayAlternative=true
checkBoxMinimizedWhenRecordingStarts=false
checkBoxStartsMinimized=false
checkBoxResetAtNextStart=false
checkBoxLookForUpdates=true
checkBoxMouseCursorOnOff=false
checkboxAudioDevice-0=false
checkboxAudioDevice-1=true
checkboxAudioDevice-2=false
checkBoxMagnifier=false
comboBoxCamera=Integrated Camera: Integrated C
comboBoxCameraResolution=640x480
comboBoxOnlineHelp=Automatically
comboBoxFormat=mkv
comboBoxx264Preset=superfast
comboBoxx264Profile=baseline
comboBoxVideoCodec=x264
comboBoxAudioCodec=vorbis
comboBoxScreencastScreen=eDP1 :  1366 x 768
comboBoxAreaSize=320 x 200 CGA 16 : 10
comboBoxScreencastScreenArea=eDP1 :  1366 x 768
sliderVolume=70
sliderVideo=0
sliderCameraWindowSize=2
sliderHour=0
sliderMinute=0
sliderStopRecordingAfterHouers=0
sliderStopRecordingAfterMinutes=0
sliderStopRecordingAfterSeconds=15
sliderLimitOfFreeDiskSpace=250
sliderShowInSystrayAlternative=48
sliderSecondWaitBeforeRecording=1
sliderFrames=25
sliderX264=17
sliderVaapih264=17
sliderOpenh264=23
sliderScreencastCountDown=3
sliderMagnification=1
lineEditVideoPath=/home/mepowerleo10/Videos
[vokoscreenNG] Start record with: ximagesrc display-name=:0 use-damage=false show-pointer=true startx=306 starty=175 endx=965 endy=541 ! video/x-raw, framerate=25/1 ! videoconvert ! videorate ! queue max-size-bytes=1073741824 max-size-time=10000000000 max-size-buffers=1000 ! videoscale ! video/x-raw, width=660, height=368 ! x264enc qp-min=17 qp-max=17 speed-preset=superfast threads=4 ! video/x-h264, profile=baseline ! queue ! mux. pulsesrc device=alsa_input.pci-0000_00_1b.0.analog-stereo ! audio/x-raw, channels=2 ! audioconvert ! audiorate ! queue max-size-bytes=1000000 max-size-time=10000000000 max-size-buffers=1000 ! vorbisenc ! queue ! mux. matroskamux name=mux writing-app=vokoscreenNG_3.0.7 ! filesink location="/home/mepowerleo10/Videos/vokoscreenNG-2020-12-05_18-05-41.mkv"
 
gst-launch-1.0 -e \
    ximagesrc display-name=:0 use-damage=false show-pointer=true startx=306 starty=175 endx=965 endy=541 \
        ! video/x-raw, framerate=25/1 \
        ! videoconvert \
        ! videorate \
        ! queue max-size-bytes=1073741824 max-size-time=10000000000 max-size-buffers=1000 \
        ! videoscale \
        ! video/x-raw, width=660, height=368 \
        ! x264enc qp-min=17 qp-max=17 speed-preset=superfast threads=4 \
        ! video/x-h264, profile=baseline \
        ! queue \
        ! mux. \
    pulsesrc device=alsa_input.pci-0000_00_1b.0.analog-stereo \
        ! audio/x-raw, channels=2 \
        ! audioconvert \
        ! audiorate \
        ! queue max-size-bytes=1000000 max-size-time=10000000000 max-size-buffers=1000 \
        ! vorbisenc \
        ! queue \
        ! mux. \
    matroskamux name=mux writing-app=vokoscreenNG_3.0.7 \
        ! filesink location="/home/mepowerleo10/Videos/vokoscreenNG-2020-12-05_18-05-41.mkv"

[vokoscreenNG] Stop record
