00:00:01.335899 VirtualBox GUI VM Selector Window 6.1.10 r138449 linux.amd64 (Jun  8 2020 08:33:44) release log
00:00:01.335904 Log opened 2020-06-29T14:13:13.493270000Z
00:00:01.335906 Build Type: release
00:00:01.335911 OS Product: Linux
00:00:01.335914 OS Release: 5.7.6-arch1-1
00:00:01.335918 OS Version: #1 SMP PREEMPT Thu, 25 Jun 2020 00:14:47 +0000
00:00:01.335958 DMI Product Name: 20ARS2UA00
00:00:01.335976 DMI Product Version: ThinkPad T440s
00:00:01.335986 Firmware type: UEFI
00:00:01.336913 Secure Boot: Disabled
00:00:01.336998 Host RAM: 7854MB (7.6GB) total, 6373MB (6.2GB) available
00:00:01.337005 Executable: /usr/lib/virtualbox/VirtualBox
00:00:01.337006 Process ID: 6510
00:00:01.337008 Package type: LINUX_64BITS_GENERIC (OSE)
00:00:01.337067 Qt version: 5.15.0
00:00:01.468680 GUI: UIMediumEnumerator: Medium-enumeration started...
00:00:01.468712 GUI: UIMediumEnumerator: Medium-enumeration finished!
00:00:03.308435 GUI: UIDesktopWidgetWatchdog::sltHandleHostScreenAvailableGeometryCalculated: Screen 0 work area is actually resized to: 8x28 x 672x712
00:01:58.776400 GUI: UIMediumEnumerator: Medium with key={{3e6444c7-1b3f-4328-b5ba-e6c95b20b2a6}} created
00:01:59.380943 GUI: UIMediumEnumerator: Medium-enumeration finished!
00:04:45.417442 ERROR [COM]: aRC=NS_ERROR_UNEXPECTED (0x8000ffff) aIID={c0447716-ff5a-4795-b57a-ecd5fffa18a4} aComponent={SessionWrap} aText={The session is not locked (session state: Unlocked)}, preserve=false aResultDetail=0
00:05:22.951051 GUI: UIMediumEnumerator: Medium with key={{b2b95013-98e7-4370-8383-d16dd99b7938}} created
00:05:23.620615 GUI: UIMediumEnumerator: Medium-enumeration finished!
00:05:52.116006 ERROR [COM]: aRC=NS_ERROR_UNEXPECTED (0x8000ffff) aIID={c0447716-ff5a-4795-b57a-ecd5fffa18a4} aComponent={SessionWrap} aText={The session is not locked (session state: Unlocked)}, preserve=false aResultDetail=0
00:14:31.908805 ERROR [COM]: aRC=NS_ERROR_UNEXPECTED (0x8000ffff) aIID={c0447716-ff5a-4795-b57a-ecd5fffa18a4} aComponent={SessionWrap} aText={The session is not locked (session state: Unlocked)}, preserve=false aResultDetail=0
00:15:35.984052 GUI: UIMediumEnumerator: Medium-enumeration finished!
00:15:36.927652 GUI: UIMediumEnumerator: Medium-enumeration finished!
00:15:52.125052 GUI: UIMediumEnumerator: Medium with key={{da5bc5fc-9553-4311-a824-011194c8451e}} created
00:15:52.355149 GUI: UIMediumEnumerator: Medium-enumeration finished!
00:16:56.435551 GUI: UIMediumEnumerator: Medium with key={{fdcc7c00-c9be-4b77-a651-42386f194c76}} created
00:16:56.715809 GUI: UIMediumEnumerator: Medium-enumeration finished!
