2020-10-16 23:32:11 INFO run.py:219 GNS3 server version 2.2.15
2020-10-16 23:32:11 INFO run.py:221 Copyright (c) 2007-2020 GNS3 Technologies Inc.
2020-10-16 23:32:11 INFO run.py:224 Config file /home/mepowerleo10/.config/GNS3/2.2/gns3_server.conf loaded
2020-10-16 23:32:11 WARNING run.py:230 Local mode is enabled. Beware, clients will have full control on your filesystem
2020-10-16 23:32:11 INFO run.py:237 HTTP authentication is enabled with username 'admin'
2020-10-16 23:32:11 INFO run.py:243 Running with Python 3.8.6 and has PID 28551
2020-10-16 23:32:11 INFO run.py:79 Current locale is en_US.UTF-8
2020-10-16 23:32:12 INFO web_server.py:307 Starting server on localhost:3080
2020-10-16 23:32:12 INFO __init__.py:62 Load controller configuration file /home/mepowerleo10/.config/GNS3/2.2/gns3_controller.conf
2020-10-16 23:32:12 INFO __init__.py:66 Controller is starting
2020-10-16 23:32:12 INFO compute.py:63 Create compute local
2020-10-16 23:32:12 INFO compute.py:360 Connecting to compute 'local'
2020-10-16 23:32:12 INFO web_log.py:233 ::1 [16/Oct/2020:20:32:12 +0000] "GET /v2/compute/capabilities HTTP/1.1" 200 552 "-" "Python/3.8 aiohttp/3.6.2"
2020-10-16 23:32:12 INFO notification_handler.py:50 New client has connected to compute WebSocket
2020-10-16 23:32:12 INFO compute.py:430 Connected to compute 'local' WebSocket 'http://localhost:3080/v2/compute/notifications/ws'
2020-10-16 23:32:12 INFO web_log.py:233 ::1 [16/Oct/2020:20:32:12 +0000] "GET /v2/version HTTP/1.1" 200 227 "-" "GNS3 QT Client v2.2.15"
2020-10-16 23:32:12 INFO web_log.py:233 ::1 [16/Oct/2020:20:32:12 +0000] "GET /v2/templates HTTP/1.1" 200 2501 "-" "GNS3 QT Client v2.2.15"
2020-10-16 23:32:12 INFO web_log.py:233 ::1 [16/Oct/2020:20:32:12 +0000] "GET /v2/computes HTTP/1.1" 200 1025 "-" "GNS3 QT Client v2.2.15"
2020-10-16 23:32:12 INFO notification_handler.py:73 New client has connected to controller WebSocket
2020-10-16 23:32:12 INFO web_log.py:233 ::1 [16/Oct/2020:20:32:12 +0000] "GET /v2/appliances?symbol_theme=Classic HTTP/1.1" 200 731546 "-" "GNS3 QT Client v2.2.15"
2020-10-16 23:32:12 INFO web_log.py:233 ::1 [16/Oct/2020:20:32:12 +0000] "GET /v2/projects HTTP/1.1" 200 183 "-" "GNS3 QT Client v2.2.15"
2020-10-16 23:32:12 INFO web_log.py:233 ::1 [16/Oct/2020:20:32:12 +0000] "GET /v2/version HTTP/1.1" 200 227 "-" "GNS3 QT Client v2.2.15"
2020-10-16 23:32:12 INFO web_log.py:233 ::1 [16/Oct/2020:20:32:12 +0000] "GET /v2/projects HTTP/1.1" 200 183 "-" "GNS3 QT Client v2.2.15"
2020-10-16 23:32:16 INFO web_log.py:233 ::1 [16/Oct/2020:20:32:16 +0000] "POST /v2/projects HTTP/1.1" 201 735 "-" "GNS3 QT Client v2.2.15"
2020-10-16 23:32:16 INFO project_handler.py:271 New client has connected to the notification stream for project ID 'aa25c583-573d-4e3b-a4ad-de5785ae17f1' (WebSocket method)
2020-10-16 23:32:33 WARNING symbols.py:135 Could not retrieve symbol 'linux_guest.svg', returning default symbol...
2020-10-16 23:32:33 WARNING symbols.py:135 Could not retrieve symbol 'loadbalancer.svg', returning default symbol...
2020-10-16 23:32:34 WARNING symbols.py:135 Could not retrieve symbol 'cisco-fmcv.svg', returning default symbol...
2020-10-16 23:32:34 WARNING symbols.py:135 Could not retrieve symbol 'firefox.svg', returning default symbol...
2020-10-16 23:32:34 WARNING symbols.py:135 Could not retrieve symbol 'pan-vm-fw.svg', returning default symbol...
2020-10-16 23:32:34 WARNING symbols.py:135 Could not retrieve symbol 'packetfence2.png', returning default symbol...
2020-10-16 23:32:34 WARNING symbols.py:135 Could not retrieve symbol 'parrotlogo.png', returning default symbol...
2020-10-16 23:32:34 WARNING symbols.py:135 Could not retrieve symbol 'mgmt_station_docker.svg', returning default symbol...
2020-10-16 23:32:34 WARNING symbols.py:135 Could not retrieve symbol 'ostinato-3d-icon.svg', returning default symbol...
2020-10-16 23:32:34 WARNING symbols.py:135 Could not retrieve symbol 'mgmt_station.svg', returning default symbol...
2020-10-16 23:32:34 WARNING symbols.py:135 Could not retrieve symbol 'fortinet.svg', returning default symbol...
2020-10-16 23:32:34 WARNING symbols.py:135 Could not retrieve symbol 'opennac.png', returning default symbol...
2020-10-16 23:32:34 WARNING symbols.py:135 Could not retrieve symbol 'cisco-ise.svg', returning default symbol...
2020-10-16 23:32:34 WARNING symbols.py:135 Could not retrieve symbol 'juniper-vmx.svg', returning default symbol...
2020-10-16 23:32:34 WARNING symbols.py:135 Could not retrieve symbol 'rpi.png', returning default symbol...
2020-10-16 23:32:34 WARNING symbols.py:135 Could not retrieve symbol 'juniper-vqfx.svg', returning default symbol...
2020-10-16 23:32:34 WARNING symbols.py:135 Could not retrieve symbol 'vyos.png', returning default symbol...
2020-10-16 23:32:34 WARNING symbols.py:135 Could not retrieve symbol 'securityonion-logo.png', returning default symbol...
2020-10-16 23:32:34 WARNING symbols.py:135 Could not retrieve symbol 'microsoft.svg', returning default symbol...
2020-10-16 23:32:34 WARNING symbols.py:135 Could not retrieve symbol 'shieldedtux.png', returning default symbol...
2020-10-16 23:32:34 WARNING symbols.py:135 Could not retrieve symbol 'vRIN.svg', returning default symbol...
2020-10-16 23:32:47 INFO web_log.py:233 ::1 [16/Oct/2020:20:32:47 +0000] "GET /v2/computes HTTP/1.1" 200 1024 "-" "GNS3 QT Client v2.2.15"
2020-10-16 23:32:50 INFO web_log.py:233 ::1 [16/Oct/2020:20:32:50 +0000] "GET /v2/symbols HTTP/1.1" 200 60310 "-" "GNS3 QT Client v2.2.15"
2020-10-16 23:32:50 INFO web_log.py:233 ::1 [16/Oct/2020:20:32:50 +0000] "GET /v2/computes HTTP/1.1" 200 1024 "-" "GNS3 QT Client v2.2.15"
2020-10-16 23:33:35 INFO notification_handler.py:82 Client has disconnected from controller WebSocket
2020-10-16 23:33:35 INFO server_handler.py:53 Start shutting down the server
2020-10-16 23:33:35 INFO web_server.py:114 Closing 2 websocket connections...
2020-10-16 23:33:35 INFO web_log.py:233 ::1 [16/Oct/2020:20:33:35 +0000] "POST /v2/shutdown HTTP/1.1" 201 194 "-" "GNS3 QT Client v2.2.15"
2020-10-16 23:33:35 INFO project_handler.py:280 Client has disconnected from notification stream for project ID 'aa25c583-573d-4e3b-a4ad-de5785ae17f1' (WebSocket method)
2020-10-16 23:33:35 INFO compute.py:456 Connection closed to compute 'local' WebSocket 'http://localhost:3080/v2/compute/notifications/ws'
2020-10-16 23:33:35 INFO notification_handler.py:59 Client has disconnected from compute WebSocket
2020-10-16 23:33:35 INFO __init__.py:123 Controller is stopping
2020-10-16 23:33:35 INFO run.py:272 Remove PID file /home/mepowerleo10/.config/GNS3/2.2/gns3_server.pid
